<?xml version="1.0" encoding="UTF-8"?>
<testsuite xmlns:xsi="http://www.w3.org/2001/XMLSchema-instance" xsi:noNamespaceSchemaLocation="https://maven.apache.org/surefire/maven-surefire-plugin/xsd/surefire-test-report-3.0.xsd" version="3.0" name="fr.istic.vv.DateTest" time="0.162" tests="8" errors="0" skipped="0" failures="0">
  <properties>
[...]
</properties>
  <testcase name="isValidDateTest" classname="fr.istic.vv.DateTest" time="0.104"/>
  <testcase name="compareToTest" classname="fr.istic.vv.DateTest" time="0.008"/>
  <testcase name="approxToDaysTest" classname="fr.istic.vv.DateTest" time="0.009"/>
  <testcase name="isLeapYearTest" classname="fr.istic.vv.DateTest" time="0"/>
  <testcase name="getDateTest" classname="fr.istic.vv.DateTest" time="0.016"/>
  <testcase name="equalsTest" classname="fr.istic.vv.DateTest" time="0"/>
  <testcase name="previousDateTest" classname="fr.istic.vv.DateTest" time="0"/>
  <testcase name="nextDateTest" classname="fr.istic.vv.DateTest" time="0.001"/>
</testsuite>